2024-04-10 14:02:45 URL:http://ftpmaster.internal/ubuntu/dists/mantic/InRelease [256029/256029] -> "/build/chroot/var/lib/apt/lists/partial/ftpmaster.internal_ubuntu_dists_mantic_InRelease" [1]
gpgv: Signature made Mon Oct 16 21:12:53 2023 UTC
gpgv:                using RSA key 871920D1991BC93C
gpgv: Good signature from "Ubuntu Archive Automatic Signing Key (2018) <ftpmaster@ubuntu.com>"
2024-04-10 14:02:46 URL:http://ftpmaster.internal/ubuntu/dists/mantic/main/binary-amd64/by-hash/SHA256/9edce408dd8f5a3ce462b96c8aa5c82168f2ddf961d73a7639148745b0984fca [1405020/1405020] -> "/build/chroot/var/lib/apt/lists/partial/ftpmaster.internal_ubuntu_dists_mantic_main_binary-amd64_Packages.xz" [1]
2024-04-10 14:02:46 URL:http://ftpmaster.internal/ubuntu/dists/mantic/restricted/binary-amd64/by-hash/SHA256/b13bfa4c7402ad3ab533894c6ffe01e91f376f6c0218226b447f64062a950763 [143564/143564] -> "/build/chroot/var/lib/apt/lists/partial/ftpmaster.internal_ubuntu_dists_mantic_restricted_binary-amd64_Packages.xz" [1]
2024-04-10 14:02:47 URL:http://ftpmaster.internal/ubuntu/pool/main/a/apt/apt_2.7.3_amd64.deb [1374662/1374662] -> "/build/chroot//var/cache/apt/archives/partial/apt_2.7.3_amd64.deb" [1]
2024-04-10 14:02:47 URL:http://ftpmaster.internal/ubuntu/pool/main/b/base-files/base-files_13ubuntu2_amd64.deb [73970/73970] -> "/build/chroot//var/cache/apt/archives/partial/base-files_13ubuntu2_amd64.deb" [1]
2024-04-10 14:02:47 URL:http://ftpmaster.internal/ubuntu/pool/main/b/base-passwd/base-passwd_3.6.1_amd64.deb [49888/49888] -> "/build/chroot//var/cache/apt/archives/partial/base-passwd_3.6.1_amd64.deb" [1]
2024-04-10 14:02:47 URL:http://ftpmaster.internal/ubuntu/pool/main/b/bash/bash_5.2.15-2ubuntu1_amd64.deb [794666/794666] -> "/build/chroot//var/cache/apt/archives/partial/bash_5.2.15-2ubuntu1_amd64.deb" [1]
2024-04-10 14:02:47 URL:http://ftpmaster.internal/ubuntu/pool/main/u/util-linux/bsdutils_2.39.1-4ubuntu2_amd64.deb [93090/93090] -> "/build/chroot//var/cache/apt/archives/partial/bsdutils_1%3a2.39.1-4ubuntu2_amd64.deb" [1]
2024-04-10 14:02:47 URL:http://ftpmaster.internal/ubuntu/pool/main/c/coreutils/coreutils_9.1-1ubuntu2_amd64.deb [1407026/1407026] -> "/build/chroot//var/cache/apt/archives/partial/coreutils_9.1-1ubuntu2_amd64.deb" [1]
2024-04-10 14:02:47 URL:http://ftpmaster.internal/ubuntu/pool/main/d/dash/dash_0.5.12-6ubuntu1_amd64.deb [89970/89970] -> "/build/chroot//var/cache/apt/archives/partial/dash_0.5.12-6ubuntu1_amd64.deb" [1]
2024-04-10 14:02:47 URL:http://ftpmaster.internal/ubuntu/pool/main/d/debconf/debconf_1.5.82_all.deb [125328/125328] -> "/build/chroot//var/cache/apt/archives/partial/debconf_1.5.82_all.deb" [1]
2024-04-10 14:02:47 URL:http://ftpmaster.internal/ubuntu/pool/main/d/debianutils/debianutils_5.8-1_amd64.deb [103234/103234] -> "/build/chroot//var/cache/apt/archives/partial/debianutils_5.8-1_amd64.deb" [1]
2024-04-10 14:02:47 URL:http://ftpmaster.internal/ubuntu/pool/main/d/diffutils/diffutils_3.8-4_amd64.deb [176134/176134] -> "/build/chroot//var/cache/apt/archives/partial/diffutils_1%3a3.8-4_amd64.deb" [1]
2024-04-10 14:02:47 URL:http://ftpmaster.internal/ubuntu/pool/main/d/dpkg/dpkg_1.22.0ubuntu1_amd64.deb [1392150/1392150] -> "/build/chroot//var/cache/apt/archives/partial/dpkg_1.22.0ubuntu1_amd64.deb" [1]
2024-04-10 14:02:47 URL:http://ftpmaster.internal/ubuntu/pool/main/e/e2fsprogs/e2fsprogs_1.47.0-2ubuntu1_amd64.deb [597426/597426] -> "/build/chroot//var/cache/apt/archives/partial/e2fsprogs_1.47.0-2ubuntu1_amd64.deb" [1]
2024-04-10 14:02:47 URL:http://ftpmaster.internal/ubuntu/pool/main/f/findutils/findutils_4.9.0-5_amd64.deb [299192/299192] -> "/build/chroot//var/cache/apt/archives/partial/findutils_4.9.0-5_amd64.deb" [1]
2024-04-10 14:02:47 URL:http://ftpmaster.internal/ubuntu/pool/main/g/gcc-13/gcc-13-base_13.2.0-4ubuntu3_amd64.deb [43712/43712] -> "/build/chroot//var/cache/apt/archives/partial/gcc-13-base_13.2.0-4ubuntu3_amd64.deb" [1]
2024-04-10 14:02:47 URL:http://ftpmaster.internal/ubuntu/pool/main/g/gnupg2/gpgv_2.2.40-1.1ubuntu1_amd64.deb [139852/139852] -> "/build/chroot//var/cache/apt/archives/partial/gpgv_2.2.40-1.1ubuntu1_amd64.deb" [1]
2024-04-10 14:02:47 URL:http://ftpmaster.internal/ubuntu/pool/main/g/grep/grep_3.11-2_amd64.deb [161408/161408] -> "/build/chroot//var/cache/apt/archives/partial/grep_3.11-2_amd64.deb" [1]
2024-04-10 14:02:47 URL:http://ftpmaster.internal/ubuntu/pool/main/g/gzip/gzip_1.12-1ubuntu1_amd64.deb [98422/98422] -> "/build/chroot//var/cache/apt/archives/partial/gzip_1.12-1ubuntu1_amd64.deb" [1]
2024-04-10 14:02:47 URL:http://ftpmaster.internal/ubuntu/pool/main/h/hostname/hostname_3.23+nmu1ubuntu1_amd64.deb [10968/10968] -> "/build/chroot//var/cache/apt/archives/partial/hostname_3.23+nmu1ubuntu1_amd64.deb" [1]
2024-04-10 14:02:48 URL:http://ftpmaster.internal/ubuntu/pool/main/i/init-system-helpers/init-system-helpers_1.65.2ubuntu1_all.deb [38698/38698] -> "/build/chroot//var/cache/apt/archives/partial/init-system-helpers_1.65.2ubuntu1_all.deb" [1]
2024-04-10 14:02:48 URL:http://ftpmaster.internal/ubuntu/pool/main/a/acl/libacl1_2.3.1-3_amd64.deb [16416/16416] -> "/build/chroot//var/cache/apt/archives/partial/libacl1_2.3.1-3_amd64.deb" [1]
2024-04-10 14:02:48 URL:http://ftpmaster.internal/ubuntu/pool/main/a/apt/libapt-pkg6.0_2.7.3_amd64.deb [949498/949498] -> "/build/chroot//var/cache/apt/archives/partial/libapt-pkg6.0_2.7.3_amd64.deb" [1]
2024-04-10 14:02:48 URL:http://ftpmaster.internal/ubuntu/pool/main/a/attr/libattr1_2.5.1-4_amd64.deb [12400/12400] -> "/build/chroot//var/cache/apt/archives/partial/libattr1_1%3a2.5.1-4_amd64.deb" [1]
2024-04-10 14:02:48 URL:http://ftpmaster.internal/ubuntu/pool/main/a/audit/libaudit-common_3.1.1-1_all.deb [5426/5426] -> "/build/chroot//var/cache/apt/archives/partial/libaudit-common_1%3a3.1.1-1_all.deb" [1]
2024-04-10 14:02:48 URL:http://ftpmaster.internal/ubuntu/pool/main/a/audit/libaudit1_3.1.1-1_amd64.deb [46110/46110] -> "/build/chroot//var/cache/apt/archives/partial/libaudit1_1%3a3.1.1-1_amd64.deb" [1]
2024-04-10 14:02:48 URL:http://ftpmaster.internal/ubuntu/pool/main/u/util-linux/libblkid1_2.39.1-4ubuntu2_amd64.deb [120990/120990] -> "/build/chroot//var/cache/apt/archives/partial/libblkid1_2.39.1-4ubuntu2_amd64.deb" [1]
2024-04-10 14:02:48 URL:http://ftpmaster.internal/ubuntu/pool/main/b/bzip2/libbz2-1.0_1.0.8-5build1_amd64.deb [34446/34446] -> "/build/chroot//var/cache/apt/archives/partial/libbz2-1.0_1.0.8-5build1_amd64.deb" [1]
2024-04-10 14:02:48 URL:http://ftpmaster.internal/ubuntu/pool/main/g/glibc/libc-bin_2.38-1ubuntu6_amd64.deb [680226/680226] -> "/build/chroot//var/cache/apt/archives/partial/libc-bin_2.38-1ubuntu6_amd64.deb" [1]
2024-04-10 14:02:48 URL:http://ftpmaster.internal/ubuntu/pool/main/g/glibc/libc6_2.38-1ubuntu6_amd64.deb [3248100/3248100] -> "/build/chroot//var/cache/apt/archives/partial/libc6_2.38-1ubuntu6_amd64.deb" [1]
2024-04-10 14:02:48 URL:http://ftpmaster.internal/ubuntu/pool/main/libc/libcap-ng/libcap-ng0_0.8.3-1build2_amd64.deb [15298/15298] -> "/build/chroot//var/cache/apt/archives/partial/libcap-ng0_0.8.3-1build2_amd64.deb" [1]
2024-04-10 14:02:48 URL:http://ftpmaster.internal/ubuntu/pool/main/libc/libcap2/libcap2_2.66-4ubuntu1_amd64.deb [29360/29360] -> "/build/chroot//var/cache/apt/archives/partial/libcap2_1%3a2.66-4ubuntu1_amd64.deb" [1]
2024-04-10 14:02:48 URL:http://ftpmaster.internal/ubuntu/pool/main/e/e2fsprogs/libcom-err2_1.47.0-2ubuntu1_amd64.deb [22216/22216] -> "/build/chroot//var/cache/apt/archives/partial/libcom-err2_1.47.0-2ubuntu1_amd64.deb" [1]
2024-04-10 14:02:48 URL:http://ftpmaster.internal/ubuntu/pool/main/libx/libxcrypt/libcrypt1_4.4.36-2_amd64.deb [82152/82152] -> "/build/chroot//var/cache/apt/archives/partial/libcrypt1_1%3a4.4.36-2_amd64.deb" [1]
2024-04-10 14:02:48 URL:http://ftpmaster.internal/ubuntu/pool/main/d/db5.3/libdb5.3_5.3.28+dfsg2-2_amd64.deb [736386/736386] -> "/build/chroot//var/cache/apt/archives/partial/libdb5.3_5.3.28+dfsg2-2_amd64.deb" [1]
2024-04-10 14:02:48 URL:http://ftpmaster.internal/ubuntu/pool/main/c/cdebconf/libdebconfclient0_0.270ubuntu1_amd64.deb [11138/11138] -> "/build/chroot//var/cache/apt/archives/partial/libdebconfclient0_0.270ubuntu1_amd64.deb" [1]
2024-04-10 14:02:48 URL:http://ftpmaster.internal/ubuntu/pool/main/e/e2fsprogs/libext2fs2_1.47.0-2ubuntu1_amd64.deb [219290/219290] -> "/build/chroot//var/cache/apt/archives/partial/libext2fs2_1.47.0-2ubuntu1_amd64.deb" [1]
2024-04-10 14:02:48 URL:http://ftpmaster.internal/ubuntu/pool/main/libf/libffi/libffi8_3.4.4-1_amd64.deb [23818/23818] -> "/build/chroot//var/cache/apt/archives/partial/libffi8_3.4.4-1_amd64.deb" [1]
2024-04-10 14:02:48 URL:http://ftpmaster.internal/ubuntu/pool/main/g/gcc-13/libgcc-s1_13.2.0-4ubuntu3_amd64.deb [62428/62428] -> "/build/chroot//var/cache/apt/archives/partial/libgcc-s1_13.2.0-4ubuntu3_amd64.deb" [1]
2024-04-10 14:02:48 URL:http://ftpmaster.internal/ubuntu/pool/main/libg/libgcrypt20/libgcrypt20_1.10.2-3ubuntu1_amd64.deb [531810/531810] -> "/build/chroot//var/cache/apt/archives/partial/libgcrypt20_1.10.2-3ubuntu1_amd64.deb" [1]
2024-04-10 14:02:48 URL:http://ftpmaster.internal/ubuntu/pool/main/g/gmp/libgmp10_6.3.0+dfsg-2ubuntu4_amd64.deb [255660/255660] -> "/build/chroot//var/cache/apt/archives/partial/libgmp10_2%3a6.3.0+dfsg-2ubuntu4_amd64.deb" [1]
2024-04-10 14:02:48 URL:http://ftpmaster.internal/ubuntu/pool/main/g/gnutls28/libgnutls30_3.8.1-4ubuntu1_amd64.deb [989202/989202] -> "/build/chroot//var/cache/apt/archives/partial/libgnutls30_3.8.1-4ubuntu1_amd64.deb" [1]
2024-04-10 14:02:48 URL:http://ftpmaster.internal/ubuntu/pool/main/libg/libgpg-error/libgpg-error0_1.47-2_amd64.deb [69702/69702] -> "/build/chroot//var/cache/apt/archives/partial/libgpg-error0_1.47-2_amd64.deb" [1]
2024-04-10 14:02:48 URL:http://ftpmaster.internal/ubuntu/pool/main/n/nettle/libhogweed6_3.9.1-2_amd64.deb [198900/198900] -> "/build/chroot//var/cache/apt/archives/partial/libhogweed6_3.9.1-2_amd64.deb" [1]
2024-04-10 14:02:48 URL:http://ftpmaster.internal/ubuntu/pool/main/libi/libidn2/libidn2-0_2.3.4-1_amd64.deb [108122/108122] -> "/build/chroot//var/cache/apt/archives/partial/libidn2-0_2.3.4-1_amd64.deb" [1]
2024-04-10 14:02:48 URL:http://ftpmaster.internal/ubuntu/pool/main/l/lz4/liblz4-1_1.9.4-1_amd64.deb [63088/63088] -> "/build/chroot//var/cache/apt/archives/partial/liblz4-1_1.9.4-1_amd64.deb" [1]
2024-04-10 14:02:48 URL:http://ftpmaster.internal/ubuntu/pool/main/x/xz-utils/liblzma5_5.4.1-0.2_amd64.deb [125084/125084] -> "/build/chroot//var/cache/apt/archives/partial/liblzma5_5.4.1-0.2_amd64.deb" [1]
2024-04-10 14:02:48 URL:http://ftpmaster.internal/ubuntu/pool/main/libm/libmd/libmd0_1.1.0-1_amd64.deb [26942/26942] -> "/build/chroot//var/cache/apt/archives/partial/libmd0_1.1.0-1_amd64.deb" [1]
2024-04-10 14:02:48 URL:http://ftpmaster.internal/ubuntu/pool/main/u/util-linux/libmount1_2.39.1-4ubuntu2_amd64.deb [132116/132116] -> "/build/chroot//var/cache/apt/archives/partial/libmount1_2.39.1-4ubuntu2_amd64.deb" [1]
2024-04-10 14:02:48 URL:http://ftpmaster.internal/ubuntu/pool/main/n/ncurses/libncursesw6_6.4+20230625-2_amd64.deb [149020/149020] -> "/build/chroot//var/cache/apt/archives/partial/libncursesw6_6.4+20230625-2_amd64.deb" [1]
2024-04-10 14:02:48 URL:http://ftpmaster.internal/ubuntu/pool/main/n/nettle/libnettle8_3.9.1-2_amd64.deb [182228/182228] -> "/build/chroot//var/cache/apt/archives/partial/libnettle8_3.9.1-2_amd64.deb" [1]
2024-04-10 14:02:48 URL:http://ftpmaster.internal/ubuntu/pool/main/p/p11-kit/libp11-kit0_0.25.0-4ubuntu1_amd64.deb [300142/300142] -> "/build/chroot//var/cache/apt/archives/partial/libp11-kit0_0.25.0-4ubuntu1_amd64.deb" [1]
2024-04-10 14:02:48 URL:http://ftpmaster.internal/ubuntu/pool/main/p/pam/libpam-modules_1.5.2-6ubuntu1_amd64.deb [283524/283524] -> "/build/chroot//var/cache/apt/archives/partial/libpam-modules_1.5.2-6ubuntu1_amd64.deb" [1]
2024-04-10 14:02:48 URL:http://ftpmaster.internal/ubuntu/pool/main/p/pam/libpam-modules-bin_1.5.2-6ubuntu1_amd64.deb [47282/47282] -> "/build/chroot//var/cache/apt/archives/partial/libpam-modules-bin_1.5.2-6ubuntu1_amd64.deb" [1]
2024-04-10 14:02:48 URL:http://ftpmaster.internal/ubuntu/pool/main/p/pam/libpam-runtime_1.5.2-6ubuntu1_all.deb [41520/41520] -> "/build/chroot//var/cache/apt/archives/partial/libpam-runtime_1.5.2-6ubuntu1_all.deb" [1]
2024-04-10 14:02:48 URL:http://ftpmaster.internal/ubuntu/pool/main/p/pam/libpam0g_1.5.2-6ubuntu1_amd64.deb [65876/65876] -> "/build/chroot//var/cache/apt/archives/partial/libpam0g_1.5.2-6ubuntu1_amd64.deb" [1]
2024-04-10 14:02:48 URL:http://ftpmaster.internal/ubuntu/pool/main/p/pcre2/libpcre2-8-0_10.42-4_amd64.deb [227998/227998] -> "/build/chroot//var/cache/apt/archives/partial/libpcre2-8-0_10.42-4_amd64.deb" [1]
2024-04-10 14:02:48 URL:http://ftpmaster.internal/ubuntu/pool/main/p/procps/libproc2-0_4.0.3-1ubuntu1_amd64.deb [55892/55892] -> "/build/chroot//var/cache/apt/archives/partial/libproc2-0_2%3a4.0.3-1ubuntu1_amd64.deb" [1]
2024-04-10 14:02:49 URL:http://ftpmaster.internal/ubuntu/pool/main/libs/libseccomp/libseccomp2_2.5.4-1ubuntu3_amd64.deb [49070/49070] -> "/build/chroot//var/cache/apt/archives/partial/libseccomp2_2.5.4-1ubuntu3_amd64.deb" [1]
2024-04-10 14:02:49 URL:http://ftpmaster.internal/ubuntu/pool/main/libs/libselinux/libselinux1_3.5-1_amd64.deb [78152/78152] -> "/build/chroot//var/cache/apt/archives/partial/libselinux1_3.5-1_amd64.deb" [1]
2024-04-10 14:02:49 URL:http://ftpmaster.internal/ubuntu/pool/main/libs/libsemanage/libsemanage-common_3.5-1_all.deb [9890/9890] -> "/build/chroot//var/cache/apt/archives/partial/libsemanage-common_3.5-1_all.deb" [1]
2024-04-10 14:02:49 URL:http://ftpmaster.internal/ubuntu/pool/main/libs/libsemanage/libsemanage2_3.5-1_amd64.deb [93258/93258] -> "/build/chroot//var/cache/apt/archives/partial/libsemanage2_3.5-1_amd64.deb" [1]
2024-04-10 14:02:49 URL:http://ftpmaster.internal/ubuntu/pool/main/libs/libsepol/libsepol2_3.5-1_amd64.deb [301156/301156] -> "/build/chroot//var/cache/apt/archives/partial/libsepol2_3.5-1_amd64.deb" [1]
2024-04-10 14:02:49 URL:http://ftpmaster.internal/ubuntu/pool/main/u/util-linux/libsmartcols1_2.39.1-4ubuntu2_amd64.deb [62970/62970] -> "/build/chroot//var/cache/apt/archives/partial/libsmartcols1_2.39.1-4ubuntu2_amd64.deb" [1]
2024-04-10 14:02:49 URL:http://ftpmaster.internal/ubuntu/pool/main/e/e2fsprogs/libss2_1.47.0-2ubuntu1_amd64.deb [16704/16704] -> "/build/chroot//var/cache/apt/archives/partial/libss2_1.47.0-2ubuntu1_amd64.deb" [1]
2024-04-10 14:02:49 URL:http://ftpmaster.internal/ubuntu/pool/main/g/gcc-13/libstdc++6_13.2.0-4ubuntu3_amd64.deb [771724/771724] -> "/build/chroot//var/cache/apt/archives/partial/libstdc++6_13.2.0-4ubuntu3_amd64.deb" [1]
2024-04-10 14:02:49 URL:http://ftpmaster.internal/ubuntu/pool/main/s/systemd/libsystemd0_253.5-1ubuntu6_amd64.deb [407568/407568] -> "/build/chroot//var/cache/apt/archives/partial/libsystemd0_253.5-1ubuntu6_amd64.deb" [1]
2024-04-10 14:02:49 URL:http://ftpmaster.internal/ubuntu/pool/main/libt/libtasn1-6/libtasn1-6_4.19.0-3_amd64.deb [44526/44526] -> "/build/chroot//var/cache/apt/archives/partial/libtasn1-6_4.19.0-3_amd64.deb" [1]
2024-04-10 14:02:49 URL:http://ftpmaster.internal/ubuntu/pool/main/n/ncurses/libtinfo6_6.4+20230625-2_amd64.deb [107700/107700] -> "/build/chroot//var/cache/apt/archives/partial/libtinfo6_6.4+20230625-2_amd64.deb" [1]
2024-04-10 14:02:49 URL:http://ftpmaster.internal/ubuntu/pool/main/s/systemd/libudev1_253.5-1ubuntu6_amd64.deb [159810/159810] -> "/build/chroot//var/cache/apt/archives/partial/libudev1_253.5-1ubuntu6_amd64.deb" [1]
2024-04-10 14:02:49 URL:http://ftpmaster.internal/ubuntu/pool/main/libu/libunistring/libunistring2_1.0-2_amd64.deb [536080/536080] -> "/build/chroot//var/cache/apt/archives/partial/libunistring2_1.0-2_amd64.deb" [1]
2024-04-10 14:02:49 URL:http://ftpmaster.internal/ubuntu/pool/main/u/util-linux/libuuid1_2.39.1-4ubuntu2_amd64.deb [33556/33556] -> "/build/chroot//var/cache/apt/archives/partial/libuuid1_2.39.1-4ubuntu2_amd64.deb" [1]
2024-04-10 14:02:49 URL:http://ftpmaster.internal/ubuntu/pool/main/x/xxhash/libxxhash0_0.8.1-1_amd64.deb [27258/27258] -> "/build/chroot//var/cache/apt/archives/partial/libxxhash0_0.8.1-1_amd64.deb" [1]
2024-04-10 14:02:49 URL:http://ftpmaster.internal/ubuntu/pool/main/libz/libzstd/libzstd1_1.5.5+dfsg2-1ubuntu2_amd64.deb [294822/294822] -> "/build/chroot//var/cache/apt/archives/partial/libzstd1_1.5.5+dfsg2-1ubuntu2_amd64.deb" [1]
2024-04-10 14:02:49 URL:http://ftpmaster.internal/ubuntu/pool/main/s/shadow/login_4.13+dfsg1-1ubuntu1_amd64.deb [198662/198662] -> "/build/chroot//var/cache/apt/archives/partial/login_1%3a4.13+dfsg1-1ubuntu1_amd64.deb" [1]
2024-04-10 14:02:49 URL:http://ftpmaster.internal/ubuntu/pool/main/e/e2fsprogs/logsave_1.47.0-2ubuntu1_amd64.deb [21954/21954] -> "/build/chroot//var/cache/apt/archives/partial/logsave_1.47.0-2ubuntu1_amd64.deb" [1]
2024-04-10 14:02:49 URL:http://ftpmaster.internal/ubuntu/pool/main/m/mawk/mawk_1.3.4.20230730-1_amd64.deb [125402/125402] -> "/build/chroot//var/cache/apt/archives/partial/mawk_1.3.4.20230730-1_amd64.deb" [1]
2024-04-10 14:02:49 URL:http://ftpmaster.internal/ubuntu/pool/main/u/util-linux/mount_2.39.1-4ubuntu2_amd64.deb [117696/117696] -> "/build/chroot//var/cache/apt/archives/partial/mount_2.39.1-4ubuntu2_amd64.deb" [1]
2024-04-10 14:02:49 URL:http://ftpmaster.internal/ubuntu/pool/main/n/ncurses/ncurses-base_6.4+20230625-2_all.deb [24518/24518] -> "/build/chroot//var/cache/apt/archives/partial/ncurses-base_6.4+20230625-2_all.deb" [1]
2024-04-10 14:02:49 URL:http://ftpmaster.internal/ubuntu/pool/main/n/ncurses/ncurses-bin_6.4+20230625-2_amd64.deb [185266/185266] -> "/build/chroot//var/cache/apt/archives/partial/ncurses-bin_6.4+20230625-2_amd64.deb" [1]
2024-04-10 14:02:49 URL:http://ftpmaster.internal/ubuntu/pool/main/s/shadow/passwd_4.13+dfsg1-1ubuntu1_amd64.deb [841764/841764] -> "/build/chroot//var/cache/apt/archives/partial/passwd_1%3a4.13+dfsg1-1ubuntu1_amd64.deb" [1]
2024-04-10 14:02:49 URL:http://ftpmaster.internal/ubuntu/pool/main/p/perl/perl-base_5.36.0-9ubuntu1_amd64.deb [1770080/1770080] -> "/build/chroot//var/cache/apt/archives/partial/perl-base_5.36.0-9ubuntu1_amd64.deb" [1]
2024-04-10 14:02:49 URL:http://ftpmaster.internal/ubuntu/pool/main/p/procps/procps_4.0.3-1ubuntu1_amd64.deb [608510/608510] -> "/build/chroot//var/cache/apt/archives/partial/procps_2%3a4.0.3-1ubuntu1_amd64.deb" [1]
2024-04-10 14:02:49 URL:http://ftpmaster.internal/ubuntu/pool/main/s/sed/sed_4.9-1_amd64.deb [192956/192956] -> "/build/chroot//var/cache/apt/archives/partial/sed_4.9-1_amd64.deb" [1]
2024-04-10 14:02:49 URL:http://ftpmaster.internal/ubuntu/pool/main/s/sensible-utils/sensible-utils_0.0.20_all.deb [19596/19596] -> "/build/chroot//var/cache/apt/archives/partial/sensible-utils_0.0.20_all.deb" [1]
2024-04-10 14:02:49 URL:http://ftpmaster.internal/ubuntu/pool/main/s/sysvinit/sysvinit-utils_3.07-1ubuntu1_amd64.deb [33230/33230] -> "/build/chroot//var/cache/apt/archives/partial/sysvinit-utils_3.07-1ubuntu1_amd64.deb" [1]
2024-04-10 14:02:49 URL:http://ftpmaster.internal/ubuntu/pool/main/t/tar/tar_1.34+dfsg-1.2ubuntu1_amd64.deb [292932/292932] -> "/build/chroot//var/cache/apt/archives/partial/tar_1.34+dfsg-1.2ubuntu1_amd64.deb" [1]
2024-04-10 14:02:49 URL:http://ftpmaster.internal/ubuntu/pool/main/u/ubuntu-keyring/ubuntu-keyring_2021.03.26_all.deb [20856/20856] -> "/build/chroot//var/cache/apt/archives/partial/ubuntu-keyring_2021.03.26_all.deb" [1]
2024-04-10 14:02:49 URL:http://ftpmaster.internal/ubuntu/pool/main/u/usrmerge/usrmerge_35ubuntu1_all.deb [58226/58226] -> "/build/chroot//var/cache/apt/archives/partial/usrmerge_35ubuntu1_all.deb" [1]
2024-04-10 14:02:49 URL:http://ftpmaster.internal/ubuntu/pool/main/u/util-linux/util-linux_2.39.1-4ubuntu2_amd64.deb [1118916/1118916] -> "/build/chroot//var/cache/apt/archives/partial/util-linux_2.39.1-4ubuntu2_amd64.deb" [1]
2024-04-10 14:02:49 URL:http://ftpmaster.internal/ubuntu/pool/main/z/zlib/zlib1g_1.2.13.dfsg-1ubuntu5_amd64.deb [62716/62716] -> "/build/chroot//var/cache/apt/archives/partial/zlib1g_1%3a1.2.13.dfsg-1ubuntu5_amd64.deb" [1]
gpgv: Signature made Mon Oct 16 21:12:53 2023 UTC
gpgv:                using RSA key 871920D1991BC93C
gpgv: Good signature from "Ubuntu Archive Automatic Signing Key (2018) <ftpmaster@ubuntu.com>"
dpkg: warning: parsing file '/var/lib/dpkg/status' near line 5 package 'dpkg':
 missing 'Description' field
dpkg: warning: parsing file '/var/lib/dpkg/status' near line 5 package 'dpkg':
 missing 'Architecture' field
Selecting previously unselected package base-passwd.
(Reading database ... 0 files and directories currently installed.)
Preparing to unpack .../base-passwd_3.6.1_amd64.deb ...
Unpacking base-passwd (3.6.1) ...
dpkg: base-passwd: dependency problems, but configuring anyway as you requested:
 base-passwd depends on libc6 (>= 2.34); however:
  Package libc6 is not installed.
 base-passwd depends on libdebconfclient0 (>= 0.145); however:
  Package libdebconfclient0 is not installed.
 base-passwd depends on libselinux1 (>= 3.1~); however:
  Package libselinux1 is not installed.

Setting up base-passwd (3.6.1) ...
dpkg: warning: parsing file '/var/lib/dpkg/status' near line 24 package 'dpkg':
 missing 'Description' field
dpkg: warning: parsing file '/var/lib/dpkg/status' near line 24 package 'dpkg':
 missing 'Architecture' field
Selecting previously unselected package base-files.
dpkg: regarding .../base-files_13ubuntu2_amd64.deb containing base-files, pre-dependency problem:
 base-files pre-depends on awk
  awk is not installed.

dpkg: warning: ignoring pre-dependency problem!
(Reading database ... 41 files and directories currently installed.)
Preparing to unpack .../base-files_13ubuntu2_amd64.deb ...
Unpacking base-files (13ubuntu2) ...
dpkg: base-files: dependency problems, but configuring anyway as you requested:
 base-files depends on awk; however:
  Package awk is not installed.
 base-files depends on libc6 (>= 2.34); however:
  Package libc6 is not installed.
 base-files depends on libcrypt1 (>= 1:4.4.10-10ubuntu3); however:
  Package libcrypt1 is not installed.

Setting up base-files (13ubuntu2) ...
dpkg: warning: parsing file '/var/lib/dpkg/status' near line 59 package 'dpkg':
 missing 'Description' field
dpkg: warning: parsing file '/var/lib/dpkg/status' near line 59 package 'dpkg':
 missing 'Architecture' field
dpkg: regarding .../dpkg_1.22.0ubuntu1_amd64.deb containing dpkg, pre-dependency problem:
 dpkg pre-depends on libbz2-1.0
  libbz2-1.0 is not installed.

dpkg: warning: ignoring pre-dependency problem!
dpkg: regarding .../dpkg_1.22.0ubuntu1_amd64.deb containing dpkg, pre-dependency problem:
 dpkg pre-depends on libc6 (>= 2.38)
  libc6 is not installed.

dpkg: warning: ignoring pre-dependency problem!
dpkg: regarding .../dpkg_1.22.0ubuntu1_amd64.deb containing dpkg, pre-dependency problem:
 dpkg pre-depends on liblzma5 (>= 5.4.0)
  liblzma5 is not installed.

dpkg: warning: ignoring pre-dependency problem!
dpkg: regarding .../dpkg_1.22.0ubuntu1_amd64.deb containing dpkg, pre-dependency problem:
 dpkg pre-depends on libmd0 (>= 0.0.0)
  libmd0 is not installed.

dpkg: warning: ignoring pre-dependency problem!
dpkg: regarding .../dpkg_1.22.0ubuntu1_amd64.deb containing dpkg, pre-dependency problem:
 dpkg pre-depends on libselinux1 (>= 3.1~)
  libselinux1 is not installed.

dpkg: warning: ignoring pre-dependency problem!
dpkg: regarding .../dpkg_1.22.0ubuntu1_amd64.deb containing dpkg, pre-dependency problem:
 dpkg pre-depends on libzstd1 (>= 1.5.5)
  libzstd1 is not installed.

dpkg: warning: ignoring pre-dependency problem!
dpkg: regarding .../dpkg_1.22.0ubuntu1_amd64.deb containing dpkg, pre-dependency problem:
 dpkg pre-depends on zlib1g (>= 1:1.1.4)
  zlib1g is not installed.

dpkg: warning: ignoring pre-dependency problem!
(Reading database ... 146 files and directories currently installed.)
Preparing to unpack .../dpkg_1.22.0ubuntu1_amd64.deb ...
Unpacking dpkg (1.22.0ubuntu1) over (1.22.0ubuntu1) ...
dpkg: dpkg: dependency problems, but configuring anyway as you requested:
 dpkg depends on libbz2-1.0; however:
  Package libbz2-1.0 is not installed.
 dpkg depends on libc6 (>= 2.38); however:
  Package libc6 is not installed.
 dpkg depends on liblzma5 (>= 5.4.0); however:
  Package liblzma5 is not installed.
 dpkg depends on libmd0 (>= 0.0.0); however:
  Package libmd0 is not installed.
 dpkg depends on libselinux1 (>= 3.1~); however:
  Package libselinux1 is not installed.
 dpkg depends on libzstd1 (>= 1.5.5); however:
  Package libzstd1 is not installed.
 dpkg depends on zlib1g (>= 1:1.1.4); however:
  Package zlib1g is not installed.
 dpkg depends on tar (>= 1.28-1); however:
  Package tar is not installed.

Setting up dpkg (1.22.0ubuntu1) ...
Selecting previously unselected package libc6:amd64.
(Reading database ... 429 files and directories currently installed.)
Preparing to unpack .../libc6_2.38-1ubuntu6_amd64.deb ...
Unpacking libc6:amd64 (2.38-1ubuntu6) ...
dpkg: libc6:amd64: dependency problems, but configuring anyway as you requested:
 libc6:amd64 depends on libgcc-s1; however:
  Package libgcc-s1 is not installed.

Setting up libc6:amd64 (2.38-1ubuntu6) ...
Selecting previously unselected package perl-base.
dpkg: regarding .../perl-base_5.36.0-9ubuntu1_amd64.deb containing perl-base, pre-dependency problem:
 perl-base pre-depends on libcrypt1 (>= 1:4.1.0)
  libcrypt1 is not installed.

dpkg: warning: ignoring pre-dependency problem!
(Reading database ... 721 files and directories currently installed.)
Preparing to unpack .../perl-base_5.36.0-9ubuntu1_amd64.deb ...
Unpacking perl-base (5.36.0-9ubuntu1) ...
dpkg: perl-base: dependency problems, but configuring anyway as you requested:
 perl-base depends on libcrypt1 (>= 1:4.1.0); however:
  Package libcrypt1 is not installed.

Setting up perl-base (5.36.0-9ubuntu1) ...
Selecting previously unselected package mawk.
(Reading database ... 1448 files and directories currently installed.)
Preparing to unpack .../mawk_1.3.4.20230730-1_amd64.deb ...
Unpacking mawk (1.3.4.20230730-1) ...
Setting up mawk (1.3.4.20230730-1) ...
update-alternatives: using /usr/bin/mawk to provide /usr/bin/awk (awk) in auto mode
(Reading database ... 1469 files and directories currently installed.)
Preparing to unpack .../base-files_13ubuntu2_amd64.deb ...
Unpacking base-files (13ubuntu2) over (13ubuntu2) ...
Preparing to unpack .../base-passwd_3.6.1_amd64.deb ...
Unpacking base-passwd (3.6.1) over (3.6.1) ...
Selecting previously unselected package bash.
dpkg: regarding .../bash_5.2.15-2ubuntu1_amd64.deb containing bash, pre-dependency problem:
 bash pre-depends on libtinfo6 (>= 6)
  libtinfo6 is not installed.

dpkg: warning: ignoring pre-dependency problem!
Preparing to unpack .../bash_5.2.15-2ubuntu1_amd64.deb ...
Unpacking bash (5.2.15-2ubuntu1) ...
Selecting previously unselected package bsdutils.
dpkg: regarding .../bsdutils_1%3a2.39.1-4ubuntu2_amd64.deb containing bsdutils, pre-dependency problem:
 bsdutils pre-depends on libsystemd0
  libsystemd0 is not installed.

dpkg: warning: ignoring pre-dependency problem!
Preparing to unpack .../bsdutils_1%3a2.39.1-4ubuntu2_amd64.deb ...
Unpacking bsdutils (1:2.39.1-4ubuntu2) ...
Selecting previously unselected package coreutils.
dpkg: regarding .../coreutils_9.1-1ubuntu2_amd64.deb containing coreutils, pre-dependency problem:
 coreutils pre-depends on libacl1 (>= 2.2.23)
  libacl1 is not installed.

dpkg: warning: ignoring pre-dependency problem!
dpkg: regarding .../coreutils_9.1-1ubuntu2_amd64.deb containing coreutils, pre-dependency problem:
 coreutils pre-depends on libattr1 (>= 1:2.4.44)
  libattr1 is not installed.

dpkg: warning: ignoring pre-dependency problem!
dpkg: regarding .../coreutils_9.1-1ubuntu2_amd64.deb containing coreutils, pre-dependency problem:
 coreutils pre-depends on libgmp10 (>= 2:6.2.1+dfsg1)
  libgmp10 is not installed.

dpkg: warning: ignoring pre-dependency problem!
dpkg: regarding .../coreutils_9.1-1ubuntu2_amd64.deb containing coreutils, pre-dependency problem:
 coreutils pre-depends on libselinux1 (>= 3.1~)
  libselinux1 is not installed.

dpkg: warning: ignoring pre-dependency problem!
Preparing to unpack .../coreutils_9.1-1ubuntu2_amd64.deb ...
Unpacking coreutils (9.1-1ubuntu2) ...
Selecting previously unselected package dash.
Preparing to unpack .../dash_0.5.12-6ubuntu1_amd64.deb ...
Unpacking dash (0.5.12-6ubuntu1) ...
Selecting previously unselected package debconf.
Preparing to unpack .../debconf_1.5.82_all.deb ...
Unpacking debconf (1.5.82) ...
Selecting previously unselected package debianutils.
Preparing to unpack .../debianutils_5.8-1_amd64.deb ...
Unpacking debianutils (5.8-1) ...
Selecting previously unselected package diffutils.
Preparing to unpack .../diffutils_1%3a3.8-4_amd64.deb ...
Unpacking diffutils (1:3.8-4) ...
dpkg: regarding .../dpkg_1.22.0ubuntu1_amd64.deb containing dpkg, pre-dependency problem:
 dpkg pre-depends on libbz2-1.0
  libbz2-1.0 is not installed.

dpkg: warning: ignoring pre-dependency problem!
dpkg: regarding .../dpkg_1.22.0ubuntu1_amd64.deb containing dpkg, pre-dependency problem:
 dpkg pre-depends on liblzma5 (>= 5.4.0)
  liblzma5 is not installed.

dpkg: warning: ignoring pre-dependency problem!
dpkg: regarding .../dpkg_1.22.0ubuntu1_amd64.deb containing dpkg, pre-dependency problem:
 dpkg pre-depends on libmd0 (>= 0.0.0)
  libmd0 is not installed.

dpkg: warning: ignoring pre-dependency problem!
dpkg: regarding .../dpkg_1.22.0ubuntu1_amd64.deb containing dpkg, pre-dependency problem:
 dpkg pre-depends on libselinux1 (>= 3.1~)
  libselinux1 is not installed.

dpkg: warning: ignoring pre-dependency problem!
dpkg: regarding .../dpkg_1.22.0ubuntu1_amd64.deb containing dpkg, pre-dependency problem:
 dpkg pre-depends on libzstd1 (>= 1.5.5)
  libzstd1 is not installed.

dpkg: warning: ignoring pre-dependency problem!
dpkg: regarding .../dpkg_1.22.0ubuntu1_amd64.deb containing dpkg, pre-dependency problem:
 dpkg pre-depends on zlib1g (>= 1:1.1.4)
  zlib1g is not installed.

dpkg: warning: ignoring pre-dependency problem!
Preparing to unpack .../dpkg_1.22.0ubuntu1_amd64.deb ...
Unpacking dpkg (1.22.0ubuntu1) over (1.22.0ubuntu1) ...
Selecting previously unselected package e2fsprogs.
dpkg: regarding .../e2fsprogs_1.47.0-2ubuntu1_amd64.deb containing e2fsprogs, pre-dependency problem:
 e2fsprogs pre-depends on libblkid1 (>= 2.36)
  libblkid1 is not installed.

dpkg: warning: ignoring pre-dependency problem!
dpkg: regarding .../e2fsprogs_1.47.0-2ubuntu1_amd64.deb containing e2fsprogs, pre-dependency problem:
 e2fsprogs pre-depends on libcom-err2 (>= 1.43.9)
  libcom-err2 is not installed.

dpkg: warning: ignoring pre-dependency problem!
dpkg: regarding .../e2fsprogs_1.47.0-2ubuntu1_amd64.deb containing e2fsprogs, pre-dependency problem:
 e2fsprogs pre-depends on libext2fs2 (= 1.47.0-2ubuntu1)
  libext2fs2 is not installed.

dpkg: warning: ignoring pre-dependency problem!
dpkg: regarding .../e2fsprogs_1.47.0-2ubuntu1_amd64.deb containing e2fsprogs, pre-dependency problem:
 e2fsprogs pre-depends on libss2 (>= 1.38)
  libss2 is not installed.

dpkg: warning: ignoring pre-dependency problem!
dpkg: regarding .../e2fsprogs_1.47.0-2ubuntu1_amd64.deb containing e2fsprogs, pre-dependency problem:
 e2fsprogs pre-depends on libuuid1 (>= 2.16)
  libuuid1 is not installed.

dpkg: warning: ignoring pre-dependency problem!
Preparing to unpack .../e2fsprogs_1.47.0-2ubuntu1_amd64.deb ...
Unpacking e2fsprogs (1.47.0-2ubuntu1) ...
Selecting previously unselected package findutils.
dpkg: regarding .../findutils_4.9.0-5_amd64.deb containing findutils, pre-dependency problem:
 findutils pre-depends on libselinux1 (>= 3.1~)
  libselinux1 is not installed.

dpkg: warning: ignoring pre-dependency problem!
Preparing to unpack .../findutils_4.9.0-5_amd64.deb ...
Unpacking findutils (4.9.0-5) ...
Selecting previously unselected package gcc-13-base:amd64.
Preparing to unpack .../gcc-13-base_13.2.0-4ubuntu3_amd64.deb ...
Unpacking gcc-13-base:amd64 (13.2.0-4ubuntu3) ...
Selecting previously unselected package grep.
dpkg: regarding .../archives/grep_3.11-2_amd64.deb containing grep, pre-dependency problem:
 grep pre-depends on libpcre2-8-0 (>= 10.32)
  libpcre2-8-0 is not installed.

dpkg: warning: ignoring pre-dependency problem!
Preparing to unpack .../archives/grep_3.11-2_amd64.deb ...
Unpacking grep (3.11-2) ...
Selecting previously unselected package gzip.
Preparing to unpack .../gzip_1.12-1ubuntu1_amd64.deb ...
Unpacking gzip (1.12-1ubuntu1) ...
Selecting previously unselected package hostname.
Preparing to unpack .../hostname_3.23+nmu1ubuntu1_amd64.deb ...
Unpacking hostname (3.23+nmu1ubuntu1) ...
Selecting previously unselected package init-system-helpers.
Preparing to unpack .../init-system-helpers_1.65.2ubuntu1_all.deb ...
Unpacking init-system-helpers (1.65.2ubuntu1) ...
Selecting previously unselected package libacl1:amd64.
Preparing to unpack .../libacl1_2.3.1-3_amd64.deb ...
Unpacking libacl1:amd64 (2.3.1-3) ...
Selecting previously unselected package libattr1:amd64.
Preparing to unpack .../libattr1_1%3a2.5.1-4_amd64.deb ...
Unpacking libattr1:amd64 (1:2.5.1-4) ...
Selecting previously unselected package libaudit-common.
Preparing to unpack .../libaudit-common_1%3a3.1.1-1_all.deb ...
Unpacking libaudit-common (1:3.1.1-1) ...
Selecting previously unselected package libaudit1:amd64.
Preparing to unpack .../libaudit1_1%3a3.1.1-1_amd64.deb ...
Unpacking libaudit1:amd64 (1:3.1.1-1) ...
Selecting previously unselected package libblkid1:amd64.
Preparing to unpack .../libblkid1_2.39.1-4ubuntu2_amd64.deb ...
Unpacking libblkid1:amd64 (2.39.1-4ubuntu2) ...
Selecting previously unselected package libbz2-1.0:amd64.
Preparing to unpack .../libbz2-1.0_1.0.8-5build1_amd64.deb ...
Unpacking libbz2-1.0:amd64 (1.0.8-5build1) ...
Selecting previously unselected package libc-bin.
Preparing to unpack .../libc-bin_2.38-1ubuntu6_amd64.deb ...
Unpacking libc-bin (2.38-1ubuntu6) ...
Preparing to unpack .../libc6_2.38-1ubuntu6_amd64.deb ...
Unpacking libc6:amd64 (2.38-1ubuntu6) over (2.38-1ubuntu6) ...
Selecting previously unselected package libcap-ng0:amd64.
Preparing to unpack .../libcap-ng0_0.8.3-1build2_amd64.deb ...
Unpacking libcap-ng0:amd64 (0.8.3-1build2) ...
Selecting previously unselected package libcap2:amd64.
Preparing to unpack .../libcap2_1%3a2.66-4ubuntu1_amd64.deb ...
Unpacking libcap2:amd64 (1:2.66-4ubuntu1) ...
Selecting previously unselected package libcom-err2:amd64.
Preparing to unpack .../libcom-err2_1.47.0-2ubuntu1_amd64.deb ...
Unpacking libcom-err2:amd64 (1.47.0-2ubuntu1) ...
Selecting previously unselected package libcrypt1:amd64.
Preparing to unpack .../libcrypt1_1%3a4.4.36-2_amd64.deb ...
Unpacking libcrypt1:amd64 (1:4.4.36-2) ...
Selecting previously unselected package libdb5.3:amd64.
Preparing to unpack .../libdb5.3_5.3.28+dfsg2-2_amd64.deb ...
Unpacking libdb5.3:amd64 (5.3.28+dfsg2-2) ...
Selecting previously unselected package libdebconfclient0:amd64.
Preparing to unpack .../libdebconfclient0_0.270ubuntu1_amd64.deb ...
Unpacking libdebconfclient0:amd64 (0.270ubuntu1) ...
Selecting previously unselected package libext2fs2:amd64.
Preparing to unpack .../libext2fs2_1.47.0-2ubuntu1_amd64.deb ...
Unpacking libext2fs2:amd64 (1.47.0-2ubuntu1) ...
Selecting previously unselected package libgcc-s1:amd64.
Preparing to unpack .../libgcc-s1_13.2.0-4ubuntu3_amd64.deb ...
Unpacking libgcc-s1:amd64 (13.2.0-4ubuntu3) ...
Selecting previously unselected package libgcrypt20:amd64.
Preparing to unpack .../libgcrypt20_1.10.2-3ubuntu1_amd64.deb ...
Unpacking libgcrypt20:amd64 (1.10.2-3ubuntu1) ...
Selecting previously unselected package libgmp10:amd64.
Preparing to unpack .../libgmp10_2%3a6.3.0+dfsg-2ubuntu4_amd64.deb ...
Unpacking libgmp10:amd64 (2:6.3.0+dfsg-2ubuntu4) ...
Selecting previously unselected package libgpg-error0:amd64.
Preparing to unpack .../libgpg-error0_1.47-2_amd64.deb ...
Unpacking libgpg-error0:amd64 (1.47-2) ...
Selecting previously unselected package liblz4-1:amd64.
Preparing to unpack .../liblz4-1_1.9.4-1_amd64.deb ...
Unpacking liblz4-1:amd64 (1.9.4-1) ...
Selecting previously unselected package liblzma5:amd64.
Preparing to unpack .../liblzma5_5.4.1-0.2_amd64.deb ...
Unpacking liblzma5:amd64 (5.4.1-0.2) ...
Selecting previously unselected package libmd0:amd64.
Preparing to unpack .../libmd0_1.1.0-1_amd64.deb ...
Unpacking libmd0:amd64 (1.1.0-1) ...
Selecting previously unselected package libmount1:amd64.
Preparing to unpack .../libmount1_2.39.1-4ubuntu2_amd64.deb ...
Unpacking libmount1:amd64 (2.39.1-4ubuntu2) ...
Selecting previously unselected package libncursesw6:amd64.
Preparing to unpack .../libncursesw6_6.4+20230625-2_amd64.deb ...
Unpacking libncursesw6:amd64 (6.4+20230625-2) ...
Selecting previously unselected package libpam-modules:amd64.
dpkg: regarding .../libpam-modules_1.5.2-6ubuntu1_amd64.deb containing libpam-modules:amd64, pre-dependency problem:
 libpam-modules pre-depends on libaudit1 (>= 1:2.2.1)
  libaudit1:amd64 is unpacked, but has never been configured.

dpkg: warning: ignoring pre-dependency problem!
dpkg: regarding .../libpam-modules_1.5.2-6ubuntu1_amd64.deb containing libpam-modules:amd64, pre-dependency problem:
 libpam-modules pre-depends on libcrypt1 (>= 1:4.3.0)
  libcrypt1:amd64 is unpacked, but has never been configured.

dpkg: warning: ignoring pre-dependency problem!
dpkg: regarding .../libpam-modules_1.5.2-6ubuntu1_amd64.deb containing libpam-modules:amd64, pre-dependency problem:
 libpam-modules pre-depends on libdb5.3
  libdb5.3:amd64 is unpacked, but has never been configured.

dpkg: warning: ignoring pre-dependency problem!
dpkg: regarding .../libpam-modules_1.5.2-6ubuntu1_amd64.deb containing libpam-modules:amd64, pre-dependency problem:
 libpam-modules pre-depends on libpam0g (>= 1.4.1)
  libpam0g is not installed.

dpkg: warning: ignoring pre-dependency problem!
dpkg: regarding .../libpam-modules_1.5.2-6ubuntu1_amd64.deb containing libpam-modules:amd64, pre-dependency problem:
 libpam-modules pre-depends on libselinux1 (>= 3.1~)
  libselinux1 is not installed.

dpkg: warning: ignoring pre-dependency problem!
dpkg: regarding .../libpam-modules_1.5.2-6ubuntu1_amd64.deb containing libpam-modules:amd64, pre-dependency problem:
 libpam-modules pre-depends on debconf (>= 0.5) | debconf-2.0
  debconf is unpacked, but has never been configured.
  debconf provides debconf-2.0 but is unpacked but not configured.

dpkg: warning: ignoring pre-dependency problem!
dpkg: regarding .../libpam-modules_1.5.2-6ubuntu1_amd64.deb containing libpam-modules:amd64, pre-dependency problem:
 libpam-modules pre-depends on libpam-modules-bin (= 1.5.2-6ubuntu1)
  libpam-modules-bin is not installed.

dpkg: warning: ignoring pre-dependency problem!
Preparing to unpack .../libpam-modules_1.5.2-6ubuntu1_amd64.deb ...
Unpacking libpam-modules:amd64 (1.5.2-6ubuntu1) ...
Selecting previously unselected package libpam-modules-bin.
Preparing to unpack .../libpam-modules-bin_1.5.2-6ubuntu1_amd64.deb ...
Unpacking libpam-modules-bin (1.5.2-6ubuntu1) ...
Selecting previously unselected package libpam-runtime.
Preparing to unpack .../libpam-runtime_1.5.2-6ubuntu1_all.deb ...
Unpacking libpam-runtime (1.5.2-6ubuntu1) ...
Selecting previously unselected package libpam0g:amd64.
Preparing to unpack .../libpam0g_1.5.2-6ubuntu1_amd64.deb ...
Unpacking libpam0g:amd64 (1.5.2-6ubuntu1) ...
Selecting previously unselected package libpcre2-8-0:amd64.
Preparing to unpack .../libpcre2-8-0_10.42-4_amd64.deb ...
Unpacking libpcre2-8-0:amd64 (10.42-4) ...
Selecting previously unselected package libproc2-0:amd64.
Preparing to unpack .../libproc2-0_2%3a4.0.3-1ubuntu1_amd64.deb ...
Unpacking libproc2-0:amd64 (2:4.0.3-1ubuntu1) ...
Selecting previously unselected package libselinux1:amd64.
Preparing to unpack .../libselinux1_3.5-1_amd64.deb ...
Unpacking libselinux1:amd64 (3.5-1) ...
Selecting previously unselected package libsemanage-common.
Preparing to unpack .../libsemanage-common_3.5-1_all.deb ...
Unpacking libsemanage-common (3.5-1) ...
Selecting previously unselected package libsemanage2:amd64.
Preparing to unpack .../libsemanage2_3.5-1_amd64.deb ...
Unpacking libsemanage2:amd64 (3.5-1) ...
Selecting previously unselected package libsepol2:amd64.
Preparing to unpack .../libsepol2_3.5-1_amd64.deb ...
Unpacking libsepol2:amd64 (3.5-1) ...
Selecting previously unselected package libsmartcols1:amd64.
Preparing to unpack .../libsmartcols1_2.39.1-4ubuntu2_amd64.deb ...
Unpacking libsmartcols1:amd64 (2.39.1-4ubuntu2) ...
Selecting previously unselected package libss2:amd64.
Preparing to unpack .../libss2_1.47.0-2ubuntu1_amd64.deb ...
Unpacking libss2:amd64 (1.47.0-2ubuntu1) ...
Selecting previously unselected package libsystemd0:amd64.
Preparing to unpack .../libsystemd0_253.5-1ubuntu6_amd64.deb ...
Unpacking libsystemd0:amd64 (253.5-1ubuntu6) ...
Selecting previously unselected package libtinfo6:amd64.
Preparing to unpack .../libtinfo6_6.4+20230625-2_amd64.deb ...
Unpacking libtinfo6:amd64 (6.4+20230625-2) ...
Selecting previously unselected package libudev1:amd64.
Preparing to unpack .../libudev1_253.5-1ubuntu6_amd64.deb ...
Unpacking libudev1:amd64 (253.5-1ubuntu6) ...
Selecting previously unselected package libuuid1:amd64.
Preparing to unpack .../libuuid1_2.39.1-4ubuntu2_amd64.deb ...
Unpacking libuuid1:amd64 (2.39.1-4ubuntu2) ...
Selecting previously unselected package libzstd1:amd64.
Preparing to unpack .../libzstd1_1.5.5+dfsg2-1ubuntu2_amd64.deb ...
Unpacking libzstd1:amd64 (1.5.5+dfsg2-1ubuntu2) ...
Selecting previously unselected package login.
dpkg: regarding .../login_1%3a4.13+dfsg1-1ubuntu1_amd64.deb containing login, pre-dependency problem:
 login pre-depends on libaudit1 (>= 1:2.2.1)
  libaudit1:amd64 is unpacked, but has never been configured.

dpkg: warning: ignoring pre-dependency problem!
dpkg: regarding .../login_1%3a4.13+dfsg1-1ubuntu1_amd64.deb containing login, pre-dependency problem:
 login pre-depends on libcrypt1 (>= 1:4.1.0)
  libcrypt1:amd64 is unpacked, but has never been configured.

dpkg: warning: ignoring pre-dependency problem!
dpkg: regarding .../login_1%3a4.13+dfsg1-1ubuntu1_amd64.deb containing login, pre-dependency problem:
 login pre-depends on libpam0g (>= 0.99.7.1)
  libpam0g:amd64 is unpacked, but has never been configured.

dpkg: warning: ignoring pre-dependency problem!
dpkg: regarding .../login_1%3a4.13+dfsg1-1ubuntu1_amd64.deb containing login, pre-dependency problem:
 login pre-depends on libpam-runtime
  libpam-runtime is unpacked, but has never been configured.

dpkg: warning: ignoring pre-dependency problem!
dpkg: regarding .../login_1%3a4.13+dfsg1-1ubuntu1_amd64.deb containing login, pre-dependency problem:
 login pre-depends on libpam-modules
  libpam-modules:amd64 is unpacked, but has never been configured.

dpkg: warning: ignoring pre-dependency problem!
Preparing to unpack .../login_1%3a4.13+dfsg1-1ubuntu1_amd64.deb ...
Unpacking login (1:4.13+dfsg1-1ubuntu1) ...
Selecting previously unselected package logsave.
Preparing to unpack .../logsave_1.47.0-2ubuntu1_amd64.deb ...
Unpacking logsave (1.47.0-2ubuntu1) ...
Preparing to unpack .../mawk_1.3.4.20230730-1_amd64.deb ...
Unpacking mawk (1.3.4.20230730-1) over (1.3.4.20230730-1) ...
Selecting previously unselected package mount.
dpkg: regarding .../mount_2.39.1-4ubuntu2_amd64.deb containing mount, pre-dependency problem:
 mount pre-depends on libblkid1 (>= 2.17.2)
  libblkid1:amd64 is unpacked, but has never been configured.

dpkg: warning: ignoring pre-dependency problem!
dpkg: regarding .../mount_2.39.1-4ubuntu2_amd64.deb containing mount, pre-dependency problem:
 mount pre-depends on libmount1 (>= 2.39.1)
  libmount1:amd64 is unpacked, but has never been configured.

dpkg: warning: ignoring pre-dependency problem!
dpkg: regarding .../mount_2.39.1-4ubuntu2_amd64.deb containing mount, pre-dependency problem:
 mount pre-depends on libselinux1 (>= 3.1~)
  libselinux1:amd64 is unpacked, but has never been configured.

dpkg: warning: ignoring pre-dependency problem!
dpkg: regarding .../mount_2.39.1-4ubuntu2_amd64.deb containing mount, pre-dependency problem:
 mount pre-depends on libsmartcols1 (>= 2.33)
  libsmartcols1:amd64 is unpacked, but has never been configured.

dpkg: warning: ignoring pre-dependency problem!
Preparing to unpack .../mount_2.39.1-4ubuntu2_amd64.deb ...
Unpacking mount (2.39.1-4ubuntu2) ...
Selecting previously unselected package ncurses-base.
Preparing to unpack .../ncurses-base_6.4+20230625-2_all.deb ...
Unpacking ncurses-base (6.4+20230625-2) ...
Selecting previously unselected package ncurses-bin.
dpkg: regarding .../ncurses-bin_6.4+20230625-2_amd64.deb containing ncurses-bin, pre-dependency problem:
 ncurses-bin pre-depends on libtinfo6 (>= 6.4+20230603)
  libtinfo6:amd64 is unpacked, but has never been configured.

dpkg: warning: ignoring pre-dependency problem!
Preparing to unpack .../ncurses-bin_6.4+20230625-2_amd64.deb ...
Unpacking ncurses-bin (6.4+20230625-2) ...
Selecting previously unselected package passwd.
Preparing to unpack .../passwd_1%3a4.13+dfsg1-1ubuntu1_amd64.deb ...
Unpacking passwd (1:4.13+dfsg1-1ubuntu1) ...
dpkg: regarding .../perl-base_5.36.0-9ubuntu1_amd64.deb containing perl-base, pre-dependency problem:
 perl-base pre-depends on libcrypt1 (>= 1:4.1.0)
  libcrypt1:amd64 is unpacked, but has never been configured.

dpkg: warning: ignoring pre-dependency problem!
Preparing to unpack .../perl-base_5.36.0-9ubuntu1_amd64.deb ...
Unpacking perl-base (5.36.0-9ubuntu1) over (5.36.0-9ubuntu1) ...
Selecting previously unselected package procps.
Preparing to unpack .../procps_2%3a4.0.3-1ubuntu1_amd64.deb ...
Unpacking procps (2:4.0.3-1ubuntu1) ...
Selecting previously unselected package sed.
dpkg: regarding .../archives/sed_4.9-1_amd64.deb containing sed, pre-dependency problem:
 sed pre-depends on libacl1 (>= 2.2.23)
  libacl1:amd64 is unpacked, but has never been configured.

dpkg: warning: ignoring pre-dependency problem!
dpkg: regarding .../archives/sed_4.9-1_amd64.deb containing sed, pre-dependency problem:
 sed pre-depends on libselinux1 (>= 3.1~)
  libselinux1:amd64 is unpacked, but has never been configured.

dpkg: warning: ignoring pre-dependency problem!
Preparing to unpack .../archives/sed_4.9-1_amd64.deb ...
Unpacking sed (4.9-1) ...
Selecting previously unselected package sensible-utils.
Preparing to unpack .../sensible-utils_0.0.20_all.deb ...
Unpacking sensible-utils (0.0.20) ...
Selecting previously unselected package sysvinit-utils.
Preparing to unpack .../sysvinit-utils_3.07-1ubuntu1_amd64.deb ...
Unpacking sysvinit-utils (3.07-1ubuntu1) ...
Selecting previously unselected package tar.
dpkg: regarding .../tar_1.34+dfsg-1.2ubuntu1_amd64.deb containing tar, pre-dependency problem:
 tar pre-depends on libacl1 (>= 2.2.23)
  libacl1:amd64 is unpacked, but has never been configured.

dpkg: warning: ignoring pre-dependency problem!
dpkg: regarding .../tar_1.34+dfsg-1.2ubuntu1_amd64.deb containing tar, pre-dependency problem:
 tar pre-depends on libselinux1 (>= 3.1~)
  libselinux1:amd64 is unpacked, but has never been configured.

dpkg: warning: ignoring pre-dependency problem!
Preparing to unpack .../tar_1.34+dfsg-1.2ubuntu1_amd64.deb ...
Unpacking tar (1.34+dfsg-1.2ubuntu1) ...
Selecting previously unselected package usrmerge.
Preparing to unpack .../usrmerge_35ubuntu1_all.deb ...
Unpacking usrmerge (35ubuntu1) ...
Selecting previously unselected package util-linux.
dpkg: regarding .../util-linux_2.39.1-4ubuntu2_amd64.deb containing util-linux, pre-dependency problem:
 util-linux pre-depends on libblkid1 (>= 2.37.2)
  libblkid1:amd64 is unpacked, but has never been configured.

dpkg: warning: ignoring pre-dependency problem!
dpkg: regarding .../util-linux_2.39.1-4ubuntu2_amd64.deb containing util-linux, pre-dependency problem:
 util-linux pre-depends on libcap-ng0 (>= 0.7.9)
  libcap-ng0:amd64 is unpacked, but has never been configured.

dpkg: warning: ignoring pre-dependency problem!
dpkg: regarding .../util-linux_2.39.1-4ubuntu2_amd64.deb containing util-linux, pre-dependency problem:
 util-linux pre-depends on libcrypt1 (>= 1:4.1.0)
  libcrypt1:amd64 is unpacked, but has never been configured.

dpkg: warning: ignoring pre-dependency problem!
dpkg: regarding .../util-linux_2.39.1-4ubuntu2_amd64.deb containing util-linux, pre-dependency problem:
 util-linux pre-depends on libmount1 (>= 2.39.1)
  libmount1:amd64 is unpacked, but has never been configured.

dpkg: warning: ignoring pre-dependency problem!
dpkg: regarding .../util-linux_2.39.1-4ubuntu2_amd64.deb containing util-linux, pre-dependency problem:
 util-linux pre-depends on libpam0g (>= 0.99.7.1)
  libpam0g:amd64 is unpacked, but has never been configured.

dpkg: warning: ignoring pre-dependency problem!
dpkg: regarding .../util-linux_2.39.1-4ubuntu2_amd64.deb containing util-linux, pre-dependency problem:
 util-linux pre-depends on libselinux1 (>= 3.1~)
  libselinux1:amd64 is unpacked, but has never been configured.

dpkg: warning: ignoring pre-dependency problem!
dpkg: regarding .../util-linux_2.39.1-4ubuntu2_amd64.deb containing util-linux, pre-dependency problem:
 util-linux pre-depends on libsmartcols1 (>= 2.38)
  libsmartcols1:amd64 is unpacked, but has never been configured.

dpkg: warning: ignoring pre-dependency problem!
dpkg: regarding .../util-linux_2.39.1-4ubuntu2_amd64.deb containing util-linux, pre-dependency problem:
 util-linux pre-depends on libsystemd0
  libsystemd0:amd64 is unpacked, but has never been configured.

dpkg: warning: ignoring pre-dependency problem!
dpkg: regarding .../util-linux_2.39.1-4ubuntu2_amd64.deb containing util-linux, pre-dependency problem:
 util-linux pre-depends on libtinfo6 (>= 6)
  libtinfo6:amd64 is unpacked, but has never been configured.

dpkg: warning: ignoring pre-dependency problem!
dpkg: regarding .../util-linux_2.39.1-4ubuntu2_amd64.deb containing util-linux, pre-dependency problem:
 util-linux pre-depends on libudev1 (>= 183)
  libudev1:amd64 is unpacked, but has never been configured.

dpkg: warning: ignoring pre-dependency problem!
dpkg: regarding .../util-linux_2.39.1-4ubuntu2_amd64.deb containing util-linux, pre-dependency problem:
 util-linux pre-depends on libuuid1 (>= 2.16)
  libuuid1:amd64 is unpacked, but has never been configured.

dpkg: warning: ignoring pre-dependency problem!
dpkg: regarding .../util-linux_2.39.1-4ubuntu2_amd64.deb containing util-linux, pre-dependency problem:
 util-linux pre-depends on zlib1g (>= 1:1.1.4)
  zlib1g is not installed.

dpkg: warning: ignoring pre-dependency problem!
Preparing to unpack .../util-linux_2.39.1-4ubuntu2_amd64.deb ...
Unpacking util-linux (2.39.1-4ubuntu2) ...
Selecting previously unselected package zlib1g:amd64.
Preparing to unpack .../zlib1g_1%3a1.2.13.dfsg-1ubuntu5_amd64.deb ...
Unpacking zlib1g:amd64 (1:1.2.13.dfsg-1ubuntu5) ...
Setting up libaudit-common (1:3.1.1-1) ...
Setting up libsemanage-common (3.5-1) ...
Setting up debconf (1.5.82) ...
Setting up ncurses-base (6.4+20230625-2) ...
Setting up gcc-13-base:amd64 (13.2.0-4ubuntu3) ...
Setting up init-system-helpers (1.65.2ubuntu1) ...
Setting up sensible-utils (0.0.20) ...
Setting up libgcc-s1:amd64 (13.2.0-4ubuntu3) ...
Setting up libc6:amd64 (2.38-1ubuntu6) ...
Setting up libmd0:amd64 (1.1.0-1) ...
Setting up libattr1:amd64 (1:2.5.1-4) ...
Setting up sysvinit-utils (3.07-1ubuntu1) ...
Setting up debianutils (5.8-1) ...
update-alternatives: using /usr/bin/which.debianutils to provide /usr/bin/which (which) in auto mode
Setting up mawk (1.3.4.20230730-1) ...
Setting up libdebconfclient0:amd64 (0.270ubuntu1) ...
Setting up libbz2-1.0:amd64 (1.0.8-5build1) ...
Setting up libdb5.3:amd64 (5.3.28+dfsg2-2) ...
Setting up libblkid1:amd64 (2.39.1-4ubuntu2) ...
Setting up libtinfo6:amd64 (6.4+20230625-2) ...
Setting up libzstd1:amd64 (1.5.5+dfsg2-1ubuntu2) ...
Setting up liblzma5:amd64 (5.4.1-0.2) ...
Setting up libgpg-error0:amd64 (1.47-2) ...
Setting up liblz4-1:amd64 (1.9.4-1) ...
Setting up libc-bin (2.38-1ubuntu6) ...
Setting up ncurses-bin (6.4+20230625-2) ...
Setting up libacl1:amd64 (2.3.1-3) ...
Setting up libsmartcols1:amd64 (2.39.1-4ubuntu2) ...
Setting up libgcrypt20:amd64 (1.10.2-3ubuntu1) ...
Setting up zlib1g:amd64 (1:1.2.13.dfsg-1ubuntu5) ...
Setting up libcrypt1:amd64 (1:4.4.36-2) ...
Setting up libcom-err2:amd64 (1.47.0-2ubuntu1) ...
Setting up diffutils (1:3.8-4) ...
Setting up libcap2:amd64 (1:2.66-4ubuntu1) ...
Setting up hostname (3.23+nmu1ubuntu1) ...
Setting up libcap-ng0:amd64 (0.8.3-1build2) ...
Setting up libext2fs2:amd64 (1.47.0-2ubuntu1) ...
Setting up libgmp10:amd64 (2:6.3.0+dfsg-2ubuntu4) ...
Setting up libaudit1:amd64 (1:3.1.1-1) ...
Setting up libuuid1:amd64 (2.39.1-4ubuntu2) ...
Setting up libss2:amd64 (1.47.0-2ubuntu1) ...
Setting up libsepol2:amd64 (3.5-1) ...
Setting up libpcre2-8-0:amd64 (10.42-4) ...
Setting up libncursesw6:amd64 (6.4+20230625-2) ...
Setting up logsave (1.47.0-2ubuntu1) ...
Setting up libudev1:amd64 (253.5-1ubuntu6) ...
Setting up base-files (13ubuntu2) ...
Setting up bash (5.2.15-2ubuntu1) ...
update-alternatives: using /usr/share/man/man7/bash-builtins.7.gz to provide /usr/share/man/man7/builtins.7.gz (builtins.7.gz) in auto mode
Setting up grep (3.11-2) ...
Setting up e2fsprogs (1.47.0-2ubuntu1) ...
Setting up libsystemd0:amd64 (253.5-1ubuntu6) ...
Setting up libselinux1:amd64 (3.5-1) ...
Setting up libpam0g:amd64 (1.5.2-6ubuntu1) ...
Setting up sed (4.9-1) ...
Setting up libproc2-0:amd64 (2:4.0.3-1ubuntu1) ...
Setting up findutils (4.9.0-5) ...
Setting up libmount1:amd64 (2.39.1-4ubuntu2) ...
Setting up procps (2:4.0.3-1ubuntu1) ...
Setting up libsemanage2:amd64 (3.5-1) ...
Setting up base-passwd (3.6.1) ...
Setting up bsdutils (1:2.39.1-4ubuntu2) ...
Setting up tar (1.34+dfsg-1.2ubuntu1) ...
update-alternatives: using /usr/sbin/rmt-tar to provide /usr/sbin/rmt (rmt) in auto mode
Setting up libpam-modules-bin (1.5.2-6ubuntu1) ...
Setting up coreutils (9.1-1ubuntu2) ...
Setting up util-linux (2.39.1-4ubuntu2) ...
update-alternatives: using /bin/more to provide /usr/bin/pager (pager) in auto mode
Setting up dpkg (1.22.0ubuntu1) ...
Setting up mount (2.39.1-4ubuntu2) ...
Setting up dash (0.5.12-6ubuntu1) ...
Setting up libpam-modules:amd64 (1.5.2-6ubuntu1) ...
Setting up perl-base (5.36.0-9ubuntu1) ...
Setting up gzip (1.12-1ubuntu1) ...
Setting up usrmerge (35ubuntu1) ...
Setting up passwd (1:4.13+dfsg1-1ubuntu1) ...
Shadow passwords are now on.
Setting up libpam-runtime (1.5.2-6ubuntu1) ...
Setting up login (1:4.13+dfsg1-1ubuntu1) ...
Processing triggers for libc-bin (2.38-1ubuntu6) ...
(Reading database ... 3938 files and directories currently installed.)
Preparing to unpack .../archives/apt_2.7.3_amd64.deb ...
Unpacking apt (2.7.3) ...
Preparing to unpack .../gpgv_2.2.40-1.1ubuntu1_amd64.deb ...
Unpacking gpgv (2.2.40-1.1ubuntu1) ...
Preparing to unpack .../libapt-pkg6.0_2.7.3_amd64.deb ...
Unpacking libapt-pkg6.0:amd64 (2.7.3) ...
Preparing to unpack .../libffi8_3.4.4-1_amd64.deb ...
Unpacking libffi8:amd64 (3.4.4-1) ...
Preparing to unpack .../libgnutls30_3.8.1-4ubuntu1_amd64.deb ...
Unpacking libgnutls30:amd64 (3.8.1-4ubuntu1) ...
Preparing to unpack .../libhogweed6_3.9.1-2_amd64.deb ...
Unpacking libhogweed6:amd64 (3.9.1-2) ...
Preparing to unpack .../libidn2-0_2.3.4-1_amd64.deb ...
Unpacking libidn2-0:amd64 (2.3.4-1) ...
Preparing to unpack .../libnettle8_3.9.1-2_amd64.deb ...
Unpacking libnettle8:amd64 (3.9.1-2) ...
Preparing to unpack .../libp11-kit0_0.25.0-4ubuntu1_amd64.deb ...
Unpacking libp11-kit0:amd64 (0.25.0-4ubuntu1) ...
Preparing to unpack .../libseccomp2_2.5.4-1ubuntu3_amd64.deb ...
Unpacking libseccomp2:amd64 (2.5.4-1ubuntu3) ...
Preparing to unpack .../libstdc++6_13.2.0-4ubuntu3_amd64.deb ...
Unpacking libstdc++6:amd64 (13.2.0-4ubuntu3) ...
Preparing to unpack .../libtasn1-6_4.19.0-3_amd64.deb ...
Unpacking libtasn1-6:amd64 (4.19.0-3) ...
Preparing to unpack .../libunistring2_1.0-2_amd64.deb ...
Unpacking libunistring2:amd64 (1.0-2) ...
Preparing to unpack .../libxxhash0_0.8.1-1_amd64.deb ...
Unpacking libxxhash0:amd64 (0.8.1-1) ...
Preparing to unpack .../ubuntu-keyring_2021.03.26_all.deb ...
Unpacking ubuntu-keyring (2021.03.26) ...
Processing triggers for libc-bin (2.38-1ubuntu6) ...
Setting up libunistring2:amd64 (1.0-2) ...
Setting up libidn2-0:amd64 (2.3.4-1) ...
Setting up ubuntu-keyring (2021.03.26) ...
Setting up libseccomp2:amd64 (2.5.4-1ubuntu3) ...
Setting up libnettle8:amd64 (3.9.1-2) ...
Setting up libffi8:amd64 (3.4.4-1) ...
Setting up gpgv (2.2.40-1.1ubuntu1) ...
Setting up libxxhash0:amd64 (0.8.1-1) ...
Setting up libtasn1-6:amd64 (4.19.0-3) ...
Setting up libstdc++6:amd64 (13.2.0-4ubuntu3) ...
Setting up libhogweed6:amd64 (3.9.1-2) ...
Setting up libapt-pkg6.0:amd64 (2.7.3) ...
Setting up libp11-kit0:amd64 (0.25.0-4ubuntu1) ...
Setting up libgnutls30:amd64 (3.8.1-4ubuntu1) ...
Setting up apt (2.7.3) ...
Processing triggers for libc-bin (2.38-1ubuntu6) ...
