
Start-Date: 2024-04-10  14:03:01
Commandline: apt-get install --reinstall apt
Reinstall: apt:amd64 (2.7.3)
End-Date: 2024-04-10  14:03:02

Start-Date: 2024-04-10  14:03:03
Commandline: apt-get install --reinstall base-files
Reinstall: base-files:amd64 (13ubuntu2)
End-Date: 2024-04-10  14:03:04

Start-Date: 2024-04-10  14:03:05
Commandline: apt-get install --reinstall base-passwd
Reinstall: base-passwd:amd64 (3.6.1)
End-Date: 2024-04-10  14:03:06

Start-Date: 2024-04-10  14:03:07
Commandline: apt-get install --reinstall bash
Reinstall: bash:amd64 (5.2.15-2ubuntu1)
End-Date: 2024-04-10  14:03:08

Start-Date: 2024-04-10  14:03:09
Commandline: apt-get install --reinstall bsdutils
Reinstall: bsdutils:amd64 (1:2.39.1-4ubuntu2)
End-Date: 2024-04-10  14:03:10

Start-Date: 2024-04-10  14:03:11
Commandline: apt-get install --reinstall coreutils
Reinstall: coreutils:amd64 (9.1-1ubuntu2)
End-Date: 2024-04-10  14:03:12

Start-Date: 2024-04-10  14:03:13
Commandline: apt-get install --reinstall dash
Reinstall: dash:amd64 (0.5.12-6ubuntu1)
End-Date: 2024-04-10  14:03:14

Start-Date: 2024-04-10  14:03:15
Commandline: apt-get install --reinstall debconf
Reinstall: debconf:amd64 (1.5.82)
End-Date: 2024-04-10  14:03:16

Start-Date: 2024-04-10  14:03:17
Commandline: apt-get install --reinstall debianutils
Reinstall: debianutils:amd64 (5.8-1)
End-Date: 2024-04-10  14:03:17

Start-Date: 2024-04-10  14:03:19
Commandline: apt-get install --reinstall diffutils
Reinstall: diffutils:amd64 (1:3.8-4)
End-Date: 2024-04-10  14:03:19

Start-Date: 2024-04-10  14:03:20
Commandline: apt-get install --reinstall dpkg
Reinstall: dpkg:amd64 (1.22.0ubuntu1)
End-Date: 2024-04-10  14:03:21

Start-Date: 2024-04-10  14:03:22
Commandline: apt-get install --reinstall e2fsprogs
Reinstall: e2fsprogs:amd64 (1.47.0-2ubuntu1)
End-Date: 2024-04-10  14:03:23

Start-Date: 2024-04-10  14:03:24
Commandline: apt-get install --reinstall findutils
Reinstall: findutils:amd64 (4.9.0-5)
End-Date: 2024-04-10  14:03:25

Start-Date: 2024-04-10  14:03:26
Commandline: apt-get install --reinstall gcc-13-base:amd64
Reinstall: gcc-13-base:amd64 (13.2.0-4ubuntu3)
End-Date: 2024-04-10  14:03:27

Start-Date: 2024-04-10  14:03:28
Commandline: apt-get install --reinstall gpgv
Reinstall: gpgv:amd64 (2.2.40-1.1ubuntu1)
End-Date: 2024-04-10  14:03:29

Start-Date: 2024-04-10  14:03:30
Commandline: apt-get install --reinstall grep
Reinstall: grep:amd64 (3.11-2)
End-Date: 2024-04-10  14:03:31

Start-Date: 2024-04-10  14:03:32
Commandline: apt-get install --reinstall gzip
Reinstall: gzip:amd64 (1.12-1ubuntu1)
End-Date: 2024-04-10  14:03:33

Start-Date: 2024-04-10  14:03:34
Commandline: apt-get install --reinstall hostname
Reinstall: hostname:amd64 (3.23+nmu1ubuntu1)
End-Date: 2024-04-10  14:03:34

Start-Date: 2024-04-10  14:03:35
Commandline: apt-get install --reinstall init-system-helpers
Reinstall: init-system-helpers:amd64 (1.65.2ubuntu1)
End-Date: 2024-04-10  14:03:36

Start-Date: 2024-04-10  14:03:37
Commandline: apt-get install --reinstall libacl1:amd64
Reinstall: libacl1:amd64 (2.3.1-3)
End-Date: 2024-04-10  14:03:38

Start-Date: 2024-04-10  14:03:39
Commandline: apt-get install --reinstall libapt-pkg6.0:amd64
Reinstall: libapt-pkg6.0:amd64 (2.7.3)
End-Date: 2024-04-10  14:03:40

Start-Date: 2024-04-10  14:03:41
Commandline: apt-get install --reinstall libattr1:amd64
Reinstall: libattr1:amd64 (1:2.5.1-4)
End-Date: 2024-04-10  14:03:42

Start-Date: 2024-04-10  14:03:43
Commandline: apt-get install --reinstall libaudit-common
Reinstall: libaudit-common:amd64 (1:3.1.1-1)
End-Date: 2024-04-10  14:03:44

Start-Date: 2024-04-10  14:03:45
Commandline: apt-get install --reinstall libaudit1:amd64
Reinstall: libaudit1:amd64 (1:3.1.1-1)
End-Date: 2024-04-10  14:03:46

Start-Date: 2024-04-10  14:03:47
Commandline: apt-get install --reinstall libblkid1:amd64
Reinstall: libblkid1:amd64 (2.39.1-4ubuntu2)
End-Date: 2024-04-10  14:03:48

Start-Date: 2024-04-10  14:03:49
Commandline: apt-get install --reinstall libbz2-1.0:amd64
Reinstall: libbz2-1.0:amd64 (1.0.8-5build1)
End-Date: 2024-04-10  14:03:49

Start-Date: 2024-04-10  14:03:50
Commandline: apt-get install --reinstall libc-bin
Reinstall: libc-bin:amd64 (2.38-1ubuntu6)
End-Date: 2024-04-10  14:03:51

Start-Date: 2024-04-10  14:03:53
Commandline: apt-get install --reinstall libc6:amd64
Reinstall: libc6:amd64 (2.38-1ubuntu6)
End-Date: 2024-04-10  14:03:55

Start-Date: 2024-04-10  14:03:56
Commandline: apt-get install --reinstall libcap-ng0:amd64
Reinstall: libcap-ng0:amd64 (0.8.3-1build2)
End-Date: 2024-04-10  14:03:56

Start-Date: 2024-04-10  14:03:57
Commandline: apt-get install --reinstall libcap2:amd64
Reinstall: libcap2:amd64 (1:2.66-4ubuntu1)
End-Date: 2024-04-10  14:03:58

Start-Date: 2024-04-10  14:03:59
Commandline: apt-get install --reinstall libcom-err2:amd64
Reinstall: libcom-err2:amd64 (1.47.0-2ubuntu1)
End-Date: 2024-04-10  14:04:00

Start-Date: 2024-04-10  14:04:01
Commandline: apt-get install --reinstall libcrypt1:amd64
Reinstall: libcrypt1:amd64 (1:4.4.36-2)
End-Date: 2024-04-10  14:04:02

Start-Date: 2024-04-10  14:04:03
Commandline: apt-get install --reinstall libdb5.3:amd64
Reinstall: libdb5.3:amd64 (5.3.28+dfsg2-2)
End-Date: 2024-04-10  14:04:04

Start-Date: 2024-04-10  14:04:05
Commandline: apt-get install --reinstall libdebconfclient0:amd64
Reinstall: libdebconfclient0:amd64 (0.270ubuntu1)
End-Date: 2024-04-10  14:04:06

Start-Date: 2024-04-10  14:04:07
Commandline: apt-get install --reinstall libext2fs2:amd64
Reinstall: libext2fs2:amd64 (1.47.0-2ubuntu1)
End-Date: 2024-04-10  14:04:08

Start-Date: 2024-04-10  14:04:09
Commandline: apt-get install --reinstall libffi8:amd64
Reinstall: libffi8:amd64 (3.4.4-1)
End-Date: 2024-04-10  14:04:09

Start-Date: 2024-04-10  14:04:11
Commandline: apt-get install --reinstall libgcc-s1:amd64
Reinstall: libgcc-s1:amd64 (13.2.0-4ubuntu3)
End-Date: 2024-04-10  14:04:11

Start-Date: 2024-04-10  14:04:12
Commandline: apt-get install --reinstall libgcrypt20:amd64
Reinstall: libgcrypt20:amd64 (1.10.2-3ubuntu1)
End-Date: 2024-04-10  14:04:13

Start-Date: 2024-04-10  14:04:14
Commandline: apt-get install --reinstall libgmp10:amd64
Reinstall: libgmp10:amd64 (2:6.3.0+dfsg-2ubuntu4)
End-Date: 2024-04-10  14:04:15

Start-Date: 2024-04-10  14:04:16
Commandline: apt-get install --reinstall libgnutls30:amd64
Reinstall: libgnutls30:amd64 (3.8.1-4ubuntu1)
End-Date: 2024-04-10  14:04:17

Start-Date: 2024-04-10  14:04:18
Commandline: apt-get install --reinstall libgpg-error0:amd64
Reinstall: libgpg-error0:amd64 (1.47-2)
End-Date: 2024-04-10  14:04:19

Start-Date: 2024-04-10  14:04:20
Commandline: apt-get install --reinstall libhogweed6:amd64
Reinstall: libhogweed6:amd64 (3.9.1-2)
End-Date: 2024-04-10  14:04:21

Start-Date: 2024-04-10  14:04:27
Commandline: apt-get install --reinstall libidn2-0:amd64
Reinstall: libidn2-0:amd64 (2.3.4-1)
End-Date: 2024-04-10  14:04:27

Start-Date: 2024-04-10  14:04:29
Commandline: apt-get install --reinstall liblz4-1:amd64
Reinstall: liblz4-1:amd64 (1.9.4-1)
End-Date: 2024-04-10  14:04:29

Start-Date: 2024-04-10  14:04:30
Commandline: apt-get install --reinstall liblzma5:amd64
Reinstall: liblzma5:amd64 (5.4.1-0.2)
End-Date: 2024-04-10  14:04:31

Start-Date: 2024-04-10  14:04:32
Commandline: apt-get install --reinstall libmd0:amd64
Reinstall: libmd0:amd64 (1.1.0-1)
End-Date: 2024-04-10  14:04:33

Start-Date: 2024-04-10  14:04:34
Commandline: apt-get install --reinstall libmount1:amd64
Reinstall: libmount1:amd64 (2.39.1-4ubuntu2)
End-Date: 2024-04-10  14:04:35

Start-Date: 2024-04-10  14:04:36
Commandline: apt-get install --reinstall libncursesw6:amd64
Reinstall: libncursesw6:amd64 (6.4+20230625-2)
End-Date: 2024-04-10  14:04:37

Start-Date: 2024-04-10  14:04:38
Commandline: apt-get install --reinstall libnettle8:amd64
Reinstall: libnettle8:amd64 (3.9.1-2)
End-Date: 2024-04-10  14:04:39

Start-Date: 2024-04-10  14:04:40
Commandline: apt-get install --reinstall libp11-kit0:amd64
Reinstall: libp11-kit0:amd64 (0.25.0-4ubuntu1)
End-Date: 2024-04-10  14:04:40

Start-Date: 2024-04-10  14:04:42
Commandline: apt-get install --reinstall libpam-modules:amd64
Reinstall: libpam-modules:amd64 (1.5.2-6ubuntu1)
End-Date: 2024-04-10  14:04:42

Start-Date: 2024-04-10  14:04:44
Commandline: apt-get install --reinstall libpam-modules-bin
Reinstall: libpam-modules-bin:amd64 (1.5.2-6ubuntu1)
End-Date: 2024-04-10  14:04:44

Start-Date: 2024-04-10  14:04:45
Commandline: apt-get install --reinstall libpam-runtime
Reinstall: libpam-runtime:amd64 (1.5.2-6ubuntu1)
End-Date: 2024-04-10  14:04:46

Start-Date: 2024-04-10  14:04:48
Commandline: apt-get install --reinstall libpam0g:amd64
Reinstall: libpam0g:amd64 (1.5.2-6ubuntu1)
End-Date: 2024-04-10  14:04:48

Start-Date: 2024-04-10  14:04:50
Commandline: apt-get install --reinstall libpcre2-8-0:amd64
Reinstall: libpcre2-8-0:amd64 (10.42-4)
End-Date: 2024-04-10  14:04:50

Start-Date: 2024-04-10  14:04:51
Commandline: apt-get install --reinstall libproc2-0:amd64
Reinstall: libproc2-0:amd64 (2:4.0.3-1ubuntu1)
End-Date: 2024-04-10  14:04:52

Start-Date: 2024-04-10  14:04:53
Commandline: apt-get install --reinstall libseccomp2:amd64
Reinstall: libseccomp2:amd64 (2.5.4-1ubuntu3)
End-Date: 2024-04-10  14:04:54

Start-Date: 2024-04-10  14:04:55
Commandline: apt-get install --reinstall libselinux1:amd64
Reinstall: libselinux1:amd64 (3.5-1)
End-Date: 2024-04-10  14:04:56

Start-Date: 2024-04-10  14:04:57
Commandline: apt-get install --reinstall libsemanage-common
Reinstall: libsemanage-common:amd64 (3.5-1)
End-Date: 2024-04-10  14:04:58

Start-Date: 2024-04-10  14:04:59
Commandline: apt-get install --reinstall libsemanage2:amd64
Reinstall: libsemanage2:amd64 (3.5-1)
End-Date: 2024-04-10  14:04:59

Start-Date: 2024-04-10  14:05:00
Commandline: apt-get install --reinstall libsepol2:amd64
Reinstall: libsepol2:amd64 (3.5-1)
End-Date: 2024-04-10  14:05:01

Start-Date: 2024-04-10  14:05:02
Commandline: apt-get install --reinstall libsmartcols1:amd64
Reinstall: libsmartcols1:amd64 (2.39.1-4ubuntu2)
End-Date: 2024-04-10  14:05:03

Start-Date: 2024-04-10  14:05:04
Commandline: apt-get install --reinstall libss2:amd64
Reinstall: libss2:amd64 (1.47.0-2ubuntu1)
End-Date: 2024-04-10  14:05:05

Start-Date: 2024-04-10  14:05:06
Commandline: apt-get install --reinstall libstdc++6:amd64
Reinstall: libstdc++6:amd64 (13.2.0-4ubuntu3)
End-Date: 2024-04-10  14:05:07

Start-Date: 2024-04-10  14:05:08
Commandline: apt-get install --reinstall libsystemd0:amd64
Reinstall: libsystemd0:amd64 (253.5-1ubuntu6)
End-Date: 2024-04-10  14:05:08

Start-Date: 2024-04-10  14:05:10
Commandline: apt-get install --reinstall libtasn1-6:amd64
Reinstall: libtasn1-6:amd64 (4.19.0-3)
End-Date: 2024-04-10  14:05:10

Start-Date: 2024-04-10  14:05:12
Commandline: apt-get install --reinstall libtinfo6:amd64
Reinstall: libtinfo6:amd64 (6.4+20230625-2)
End-Date: 2024-04-10  14:05:12

Start-Date: 2024-04-10  14:05:13
Commandline: apt-get install --reinstall libudev1:amd64
Reinstall: libudev1:amd64 (253.5-1ubuntu6)
End-Date: 2024-04-10  14:05:14

Start-Date: 2024-04-10  14:05:15
Commandline: apt-get install --reinstall libunistring2:amd64
Reinstall: libunistring2:amd64 (1.0-2)
End-Date: 2024-04-10  14:05:16

Start-Date: 2024-04-10  14:05:17
Commandline: apt-get install --reinstall libuuid1:amd64
Reinstall: libuuid1:amd64 (2.39.1-4ubuntu2)
End-Date: 2024-04-10  14:05:18

Start-Date: 2024-04-10  14:05:19
Commandline: apt-get install --reinstall libxxhash0:amd64
Reinstall: libxxhash0:amd64 (0.8.1-1)
End-Date: 2024-04-10  14:05:20

Start-Date: 2024-04-10  14:05:21
Commandline: apt-get install --reinstall libzstd1:amd64
Reinstall: libzstd1:amd64 (1.5.5+dfsg2-1ubuntu2)
End-Date: 2024-04-10  14:05:22

Start-Date: 2024-04-10  14:05:23
Commandline: apt-get install --reinstall login
Reinstall: login:amd64 (1:4.13+dfsg1-1ubuntu1)
End-Date: 2024-04-10  14:05:24

Start-Date: 2024-04-10  14:05:25
Commandline: apt-get install --reinstall logsave
Reinstall: logsave:amd64 (1.47.0-2ubuntu1)
End-Date: 2024-04-10  14:05:25

Start-Date: 2024-04-10  14:05:26
Commandline: apt-get install --reinstall mawk
Reinstall: mawk:amd64 (1.3.4.20230730-1)
End-Date: 2024-04-10  14:05:27

Start-Date: 2024-04-10  14:05:28
Commandline: apt-get install --reinstall mount
Reinstall: mount:amd64 (2.39.1-4ubuntu2)
End-Date: 2024-04-10  14:05:29

Start-Date: 2024-04-10  14:05:30
Commandline: apt-get install --reinstall ncurses-base
Reinstall: ncurses-base:amd64 (6.4+20230625-2)
End-Date: 2024-04-10  14:05:31

Start-Date: 2024-04-10  14:05:32
Commandline: apt-get install --reinstall ncurses-bin
Reinstall: ncurses-bin:amd64 (6.4+20230625-2)
End-Date: 2024-04-10  14:05:32

Start-Date: 2024-04-10  14:05:34
Commandline: apt-get install --reinstall passwd
Reinstall: passwd:amd64 (1:4.13+dfsg1-1ubuntu1)
End-Date: 2024-04-10  14:05:34

Start-Date: 2024-04-10  14:05:35
Commandline: apt-get install --reinstall perl-base
Reinstall: perl-base:amd64 (5.36.0-9ubuntu1)
End-Date: 2024-04-10  14:05:36

Start-Date: 2024-04-10  14:05:37
Commandline: apt-get install --reinstall procps
Reinstall: procps:amd64 (2:4.0.3-1ubuntu1)
End-Date: 2024-04-10  14:05:38

Start-Date: 2024-04-10  14:05:39
Commandline: apt-get install --reinstall sed
Reinstall: sed:amd64 (4.9-1)
End-Date: 2024-04-10  14:05:40

Start-Date: 2024-04-10  14:05:41
Commandline: apt-get install --reinstall sensible-utils
Reinstall: sensible-utils:amd64 (0.0.20)
End-Date: 2024-04-10  14:05:42

Start-Date: 2024-04-10  14:05:43
Commandline: apt-get install --reinstall sysvinit-utils
Reinstall: sysvinit-utils:amd64 (3.07-1ubuntu1)
End-Date: 2024-04-10  14:05:44

Start-Date: 2024-04-10  14:05:45
Commandline: apt-get install --reinstall tar
Reinstall: tar:amd64 (1.34+dfsg-1.2ubuntu1)
End-Date: 2024-04-10  14:05:45

Start-Date: 2024-04-10  14:05:47
Commandline: apt-get install --reinstall ubuntu-keyring
Reinstall: ubuntu-keyring:amd64 (2021.03.26)
End-Date: 2024-04-10  14:05:47

Start-Date: 2024-04-10  14:05:48
Commandline: apt-get install --reinstall usrmerge
Reinstall: usrmerge:amd64 (35ubuntu1)
End-Date: 2024-04-10  14:05:49

Start-Date: 2024-04-10  14:05:50
Commandline: apt-get install --reinstall util-linux
Reinstall: util-linux:amd64 (2.39.1-4ubuntu2)
End-Date: 2024-04-10  14:05:51

Start-Date: 2024-04-10  14:05:52
Commandline: apt-get install --reinstall zlib1g:amd64
Reinstall: zlib1g:amd64 (1:1.2.13.dfsg-1ubuntu5)
End-Date: 2024-04-10  14:05:53

Start-Date: 2024-04-10  14:06:12
Commandline: apt-get --yes -oDebug::pkgDepCache::AutoInstall=yes --force-yes upgrade
Upgrade: dpkg:amd64 (1.22.0ubuntu1, 1.22.0ubuntu1.1), libsmartcols1:amd64 (2.39.1-4ubuntu2, 2.39.1-4ubuntu2.2), libpam-runtime:amd64 (1.5.2-6ubuntu1, 1.5.2-6ubuntu1.1), coreutils:amd64 (9.1-1ubuntu2, 9.1-1ubuntu2.23.10.1), apt:amd64 (2.7.3, 2.7.3ubuntu0.1), tar:amd64 (1.34+dfsg-1.2ubuntu1, 1.34+dfsg-1.2ubuntu1.1), libapt-pkg6.0:amd64 (2.7.3, 2.7.3ubuntu0.1), libproc2-0:amd64 (2:4.0.3-1ubuntu1, 2:4.0.3-1ubuntu1.23.10.1), libsystemd0:amd64 (253.5-1ubuntu6, 253.5-1ubuntu6.1), libmount1:amd64 (2.39.1-4ubuntu2, 2.39.1-4ubuntu2.2), util-linux:amd64 (2.39.1-4ubuntu2, 2.39.1-4ubuntu2.2), libudev1:amd64 (253.5-1ubuntu6, 253.5-1ubuntu6.1), libc6:amd64 (2.38-1ubuntu6, 2.38-1ubuntu6.1), libpam-modules:amd64 (1.5.2-6ubuntu1, 1.5.2-6ubuntu1.1), libuuid1:amd64 (2.39.1-4ubuntu2, 2.39.1-4ubuntu2.2), base-files:amd64 (13ubuntu2, 13ubuntu2.1), login:amd64 (1:4.13+dfsg1-1ubuntu1, 1:4.13+dfsg1-1ubuntu1.1), libpam-modules-bin:amd64 (1.5.2-6ubuntu1, 1.5.2-6ubuntu1.1), procps:amd64 (2:4.0.3-1ubuntu1, 2:4.0.3-1ubuntu1.23.10.1), mount:amd64 (2.39.1-4ubuntu2, 2.39.1-4ubuntu2.2), perl-base:amd64 (5.36.0-9ubuntu1, 5.36.0-9ubuntu1.1), libpam0g:amd64 (1.5.2-6ubuntu1, 1.5.2-6ubuntu1.1), libc-bin:amd64 (2.38-1ubuntu6, 2.38-1ubuntu6.1), libblkid1:amd64 (2.39.1-4ubuntu2, 2.39.1-4ubuntu2.2), libgnutls30:amd64 (3.8.1-4ubuntu1, 3.8.1-4ubuntu1.2), bsdutils:amd64 (1:2.39.1-4ubuntu2, 1:2.39.1-4ubuntu2.2), passwd:amd64 (1:4.13+dfsg1-1ubuntu1, 1:4.13+dfsg1-1ubuntu1.1)
End-Date: 2024-04-10  14:06:15

Start-Date: 2024-04-15  16:51:05
Commandline: apt-get install -qy libsystemd-dev tzdata ca-certificates libcap2-bin
Install: tzdata:amd64 (2024a-0ubuntu0.23.10), libcap2-bin:amd64 (1:2.66-4ubuntu1), tzdata-icu:amd64 (2024a-0ubuntu0.23.10, automatic), libssl3:amd64 (3.0.10-1ubuntu2.3, automatic), ca-certificates:amd64 (20230311ubuntu1), libpam-cap:amd64 (1:2.66-4ubuntu1, automatic), libsystemd-dev:amd64 (253.5-1ubuntu6.1), openssl:amd64 (3.0.10-1ubuntu2.3, automatic)
End-Date: 2024-04-15  16:51:06
